<?xml version="1.0" encoding="UTF-8"?>
<robot generator="Robot 6.0.2 (Python 3.11.3 on win32)" generated="20230619 10:50:36.269" rpa="false" schemaversion="3">
<suite id="s1" name="Demo Jio.com automation" source="C:\Users\Kirnesh.Walunj\OneDrive - Reliance Corporate IT Park Limited\Desktop\Demo Jio.com automation">
<suite id="s1-s1" name="Tests" source="C:\Users\Kirnesh.Walunj\OneDrive - Reliance Corporate IT Park Limited\Desktop\Demo Jio.com automation\Tests">
<suite id="s1-s1-s1" name="Apps" source="C:\Users\Kirnesh.Walunj\OneDrive - Reliance Corporate IT Park Limited\Desktop\Demo Jio.com automation\Tests\Apps">
<suite id="s1-s1-s1-s1" name="Apps main" source="C:\Users\Kirnesh.Walunj\OneDrive - Reliance Corporate IT Park Limited\Desktop\Demo Jio.com automation\Tests\Apps\Apps_main.robot">
<kw name="Begin Web Test" library="Common" type="SETUP">
<kw name="Open Excel Document" library="ExcelLibrary">
<arg>filename=../../Resources/workbook.xlsx</arg>
<arg>doc_id=JioWeb</arg>
<doc>Opens xlsx document file.</doc>
<msg timestamp="20230619 10:50:36.973" level="FAIL">FileNotFoundError: [Errno 2] No such file or directory: '../../Resources/workbook.xlsx'</msg>
<status status="FAIL" starttime="20230619 10:50:36.972" endtime="20230619 10:50:36.992"/>
</kw>
<kw name="Open Browser" library="SeleniumLibrary">
<arg>about:blank</arg>
<arg>${Browser}</arg>
<doc>Opens a new browser instance to the optional ``url``.</doc>
<status status="NOT RUN" starttime="20230619 10:50:36.992" endtime="20230619 10:50:36.992"/>
</kw>
<kw name="Maximize Browser Window" library="SeleniumLibrary">
<doc>Maximizes current browser window.</doc>
<status status="NOT RUN" starttime="20230619 10:50:36.993" endtime="20230619 10:50:36.993"/>
</kw>
<kw name="Log Suite Start Time" library="Common">
<status status="NOT RUN" starttime="20230619 10:50:36.993" endtime="20230619 10:50:36.993"/>
</kw>
<status status="FAIL" starttime="20230619 10:50:36.971" endtime="20230619 10:50:36.994"/>
</kw>
<test id="s1-s1-s1-s1-t1" name="Content Validation of Homepage" line="16">
<status status="FAIL" starttime="20230619 10:50:36.994" endtime="20230619 10:50:36.995">Parent suite setup failed:
FileNotFoundError: [Errno 2] No such file or directory: '../../Resources/workbook.xlsx'</status>
</test>
<kw name="End Web Test" library="Common" type="TEARDOWN">
<kw name="Close All Excel Documents" library="ExcelLibrary">
<doc>Closes all opened documents.</doc>
<status status="PASS" starttime="20230619 10:50:36.997" endtime="20230619 10:50:36.998"/>
</kw>
<kw name="Log Suite End Time" library="Common">
<kw name="Get Current Date" library="DateTime">
<var>${timestamp}</var>
<arg>result_format=%Y-%m-%d %H:%M:%S</arg>
<doc>Returns current local or UTC time with an optional increment.</doc>
<msg timestamp="20230619 10:50:36.999" level="INFO">${timestamp} = 2023-06-19 10:50:36</msg>
<status status="PASS" starttime="20230619 10:50:36.998" endtime="20230619 10:50:36.999"/>
</kw>
<kw name="Log" library="BuiltIn">
<arg>Test suite ended at: ${timestamp}</arg>
<doc>Logs the given message with the given level.</doc>
<msg timestamp="20230619 10:50:37.000" level="INFO">Test suite ended at: 2023-06-19 10:50:36</msg>
<status status="PASS" starttime="20230619 10:50:36.999" endtime="20230619 10:50:37.001"/>
</kw>
<status status="PASS" starttime="20230619 10:50:36.998" endtime="20230619 10:50:37.001"/>
</kw>
<kw name="Close Browser" library="SeleniumLibrary">
<doc>Closes the current browser.</doc>
<status status="PASS" starttime="20230619 10:50:37.001" endtime="20230619 10:50:37.001"/>
</kw>
<status status="PASS" starttime="20230619 10:50:36.997" endtime="20230619 10:50:37.002"/>
</kw>
<status status="FAIL" starttime="20230619 10:50:36.335" endtime="20230619 10:50:37.002">Suite setup failed:
FileNotFoundError: [Errno 2] No such file or directory: '../../Resources/workbook.xlsx'</status>
</suite>
<status status="FAIL" starttime="20230619 10:50:36.332" endtime="20230619 10:50:37.004"/>
</suite>
<status status="FAIL" starttime="20230619 10:50:36.328" endtime="20230619 10:50:37.005"/>
</suite>
<status status="FAIL" starttime="20230619 10:50:36.301" endtime="20230619 10:50:37.008"/>
</suite>
<statistics>
<total>
<stat pass="0" fail="1" skip="0">All Tests</stat>
</total>
<tag>
</tag>
<suite>
<stat pass="0" fail="1" skip="0" id="s1" name="Demo Jio.com automation">Demo Jio.com automation</stat>
<stat pass="0" fail="1" skip="0" id="s1-s1" name="Tests">Demo Jio.com automation.Tests</stat>
<stat pass="0" fail="1" skip="0" id="s1-s1-s1" name="Apps">Demo Jio.com automation.Tests.Apps</stat>
<stat pass="0" fail="1" skip="0" id="s1-s1-s1-s1" name="Apps main">Demo Jio.com automation.Tests.Apps.Apps main</stat>
</suite>
</statistics>
<errors>
<msg timestamp="20230619 10:50:36.914" level="ERROR">Error in file 'C:\Users\Kirnesh.Walunj\OneDrive - Reliance Corporate IT Park Limited\Desktop\Demo Jio.com automation\Resources\Common.robot' on line 4: Importing library 'RequestsLibrary' failed: ModuleNotFoundError: No module named 'RequestsLibrary'
Traceback (most recent call last):
  None
PYTHONPATH:
  C:\Users\Kirnesh.Walunj\OneDrive - Reliance Corporate IT Park Limited\Desktop\Demo Jio.com automation\lib
  C:\Users\Kirnesh.Walunj\OneDrive - Reliance Corporate IT Park Limited\Desktop\Demo Jio.com automation\resources
  c:\Users\Kirnesh.Walunj\.vscode\extensions\d-biehl.robotcode-0.43.1\bundled\libs
  c:\Users\Kirnesh.Walunj\.vscode\extensions\d-biehl.robotcode-0.43.1\bundled\tool\robotcode
  C:\Users\Kirnesh.Walunj\AppData\Local\Programs\Python\Python311\python311.zip
  C:\Users\Kirnesh.Walunj\AppData\Local\Programs\Python\Python311\DLLs
  C:\Users\Kirnesh.Walunj\AppData\Local\Programs\Python\Python311\Lib
  C:\Users\Kirnesh.Walunj\AppData\Local\Programs\Python\Python311
  C:\Users\Kirnesh.Walunj\AppData\Local\Programs\Python\Python311\Lib\site-packages</msg>
<msg timestamp="20230619 10:50:36.936" level="ERROR">Error in file 'C:\Users\Kirnesh.Walunj\OneDrive - Reliance Corporate IT Park Limited\Desktop\Demo Jio.com automation\Resources\Common.robot' on line 8: Library 'PyLibr.py' does not exist.</msg>
<msg timestamp="20230619 10:50:36.946" level="ERROR">Error in file 'C:\Users\Kirnesh.Walunj\OneDrive - Reliance Corporate IT Park Limited\Desktop\Demo Jio.com automation\Resources\Common.robot' on line 11: Resource file '..\..\Resources\Apps\appsvariable.yaml' does not exist.</msg>
</errors>
</robot>
